2024-10-11 15:11:21,027 - Message sent: IDO, send time: 1728634281.027453
2024-10-11 15:11:21,029 - Received response: Server received: IDO
2024-10-11 15:11:21,029 - Received confirmation: Message has been received.
2024-10-11 15:11:21,029 - Total round-trip time: 0.0022 seconds
2024-10-11 15:11:37,235 - Message sent: IWENG, send time: 1728634297.2359223
2024-10-11 15:11:37,237 - Received response: Server received: IWENG
2024-10-11 15:11:37,237 - Received confirmation: Message has been received.
2024-10-11 15:11:37,238 - Total round-trip time: 0.0022 seconds
2024-10-11 15:11:45,620 - Message sent: TOMPEL, send time: 1728634305.6202002
2024-10-11 15:11:45,622 - Received response: Server received: TOMPEL
2024-10-11 15:11:45,622 - Received confirmation: Message has been received.
2024-10-11 15:11:45,622 - Total round-trip time: 0.0024 seconds
2024-10-11 15:26:28,737 - Message sent: IDO, send time: 1728635188.7374759
2024-10-11 15:26:28,739 - Received response: Server received: IDO
2024-10-11 15:26:28,739 - Received confirmation: Message has been received.
2024-10-11 15:26:28,739 - Total round-trip time: 0.0021 seconds
2024-10-11 15:26:38,055 - Message sent: JAYA, send time: 1728635198.0549834
2024-10-11 15:26:38,056 - Received response: Server received: JAYA
2024-10-11 15:26:38,056 - Received confirmation: Message has been received.
2024-10-11 15:26:38,057 - Total round-trip time: 0.0021 seconds
2024-10-13 09:58:01,729 - Message sent: INFO, send time: 1728788281.7290442
2024-10-13 09:58:01,730 - Received response: Server received: INFO
2024-10-13 09:58:01,731 - Received confirmation: Message has been received.
2024-10-13 09:58:01,731 - Total round-trip time: 0.0022 seconds
